<?xml version="1.0" encoding="UTF-8"?>
<beans xmlns="http://www.springframework.org/schema/beans" xmlns:xsi="http://www.w3.org/2001/XMLSchema-instance"
	xmlns:context="http://www.springframework.org/schema/context"
	xmlns:p="http://www.springframework.org/schema/p"
	xmlns:util="http://www.springframework.org/schema/util"
	xmlns:jee="http://www.springframework.org/schema/jee"
	xsi:schemaLocation="http://www.springframework.org/schema/beans http://www.springframework.org/schema/beans/spring-beans-3.1.xsd
		http://www.springframework.org/schema/context http://www.springframework.org/schema/context/spring-context-3.1.xsd
		http://www.springframework.org/schema/util http://www.springframework.org/schema/util/spring-util-3.1.xsd
		http://www.springframework.org/schema/beans http://www.springframework.org/schema/beans/spring-beans.xsd
		http://www.springframework.org/schema/jee http://www.springframework.org/schema/jee/spring-jee.xsd">

	<import resource="classpath:application-context-datasources-pt148.xml"/>

	<bean class="com.telus.cmb.framework.config.PlaceholderConfigurer"/>
	
	<bean id="jaxWsPortProxyBase" class="org.springframework.remoting.jaxws.JaxWsPortProxyFactoryBean" abstract="true"
		p:lookupServiceOnStartup="false" 
		p:username="${credentials/ejb/username}" 
		p:password="${credentials/ejb/password}" 
	/>
	
	<bean class="com.telus.cmb.account.lifecyclefacade.dao.impl.WirelessCreditAssessmentProxyServiceDaoImpl"/>
	<bean parent="jaxWsPortProxyBase"
		p:serviceInterface="com.telus.cmb.wsclient.WirelessCreditAssessmentProxyServicePort"
		p:wsdlDocumentUrl="classpath:wsdls/WLSCreditAssessmentProxySvc_v1_0.wsdl"
		p:namespaceUri="http://telus.com/wsdl/CMO/OrderMgmt/WLSCreditAssessmentProxySvc_1"
		p:serviceName="WLSCreditAssessmentProxySvc_v1_0" 
		p:endpointAddress="${endpoints/WLSCreditAssessmentProxyService/url}" 
	/>
	
	<bean class="com.telus.cmb.account.informationhelper.dao.impl.WirelessCreditManagementServiceDaoImpl"/>
	<bean parent="jaxWsPortProxyBase"
		p:serviceInterface="com.telus.cmb.wsclient.WirelessCreditManagementServicePort"
		p:wsdlDocumentUrl="classpath:wsdls/WLSCreditManagementSvc_v1_0.wsdl"
		p:namespaceUri="http://telus.com/wsdl/CMO/OrderMgmt/WLSCreditManagementSvc_1"
		p:serviceName="WLSCreditManagementSvc_v1_0" 
		p:endpointAddress="${endpoints/WLSCreditManagementService/url}" 
	/>
		
	<bean id="nativeJdbcExtractor" class="org.springframework.jdbc.support.nativejdbc.SimpleNativeJdbcExtractor"/>
	
	<bean id="helperMultiDao" abstract="true" class="com.telus.cmb.common.dao.jdbctemplate.MultipleJdbcDaoTemplateSupport"
		p:knowbilityJdbcTemplate-ref="helperKnowbilityJdbcTemplate"
	/>
		
	<bean id="helperKnowbilityJdbcTemplate" class="org.springframework.jdbc.core.JdbcTemplate"
		p:dataSource-ref="knowbilityDataSource" p:nativeJdbcExtractor-ref="nativeJdbcExtractor"
	/>
			
	<bean class="com.telus.cmb.account.informationhelper.dao.impl.CreditCheckDaoImpl" parent="helperMultiDao"/>
	<bean class="com.telus.cmb.account.informationhelper.dao.impl.SubscriberDaoImpl" parent="helperMultiDao"/>
	
</beans> 