<?xml version="1.0" encoding="UTF-8"?>
<beans xmlns="http://www.springframework.org/schema/beans" xmlns:xsi="http://www.w3.org/2001/XMLSchema-instance"
	xmlns:context="http://www.springframework.org/schema/context"
	xmlns:p="http://www.springframework.org/schema/p"
	xmlns:util="http://www.springframework.org/schema/util"
	xmlns:jee="http://www.springframework.org/schema/jee"
	xsi:schemaLocation=" http://www.springframework.org/schema/beans  http://www.springframework.org/schema/beans/spring-beans-3.1.xsd
		http://www.springframework.org/schema/context http://www.springframework.org/schema/context/spring-context-3.1.xsd
		http://www.springframework.org/schema/util http://www.springframework.org/schema/util/spring-util-3.1.xsd
		http://www.springframework.org/schema/beans http://www.springframework.org/schema/beans/spring-beans.xsd
		http://www.springframework.org/schema/jee http://www.springframework.org/schema/jee/spring-jee.xsd">

	<import resource="classpath:application-context-datasources-pt148.xml"/>

	<bean class="com.telus.cmb.framework.config.PlaceholderConfigurer"/>
	
	<bean id="jaxWsPortProxyBase" class="org.springframework.remoting.jaxws.JaxWsPortProxyFactoryBean" abstract="true"
		p:lookupServiceOnStartup="false" 
		p:username="${credentials/ejb/username}" 
		p:password="${credentials/ejb/password}" 
	/>

	<bean class="com.telus.cmb.subscriber.lifecyclefacade.dao.impl.EligibilityCheckRequestDaoImpl" />
	<bean parent="jaxWsPortProxyBase"
		p:serviceInterface="com.telus.cmb.wsclient.wlnp.chels.EligibilityCheckPort"
		p:wsdlDocumentUrl="classpath:wsdls/CheckEligibilityService_v1_1.wsdl"
		p:namespaceUri="http://schemas.telus.com/wlnp/core/client"
		p:serviceName="EligibilityCheckService_v1_1" 
		p:endpointAddress="${endpoints/EligibilityCheckService/url}" 
	/>
	
	<bean class="com.telus.cmb.subscriber.lifecyclefacade.dao.impl.CreatePortInRequestDaoImpl" />
	<bean parent="jaxWsPortProxyBase"
		p:serviceInterface="com.telus.cmb.wsclient.wlnp.crtpirs.CreatePortInRequestPort"
		p:wsdlDocumentUrl="classpath:wsdls/CreatePortInRequestService_v1_0_1.wsdl"
		p:namespaceUri="http://services.telus.com/wlnp/prm/services"
		p:serviceName="CreatePortInRequestService_vs0" 
		p:endpointAddress="${endpoints/CreatePortInRequestService/url}" 
	/>
	
	<bean class="com.telus.cmb.subscriber.lifecyclefacade.dao.impl.PortRequestInformationDaoImpl" />
	<bean parent="jaxWsPortProxyBase"
		p:serviceInterface="com.telus.cmb.wsclient.PortRequestInformationPort"
		p:wsdlDocumentUrl="classpath:wsdls/PortRequestInformationService_v1_0.wsdl"
		p:namespaceUri="http://telus.com/wsdl/RMO/ResourceMgmt/PortRequestInformationService_1"
		p:serviceName="PortRequestInformationService_v1_0" 
		p:endpointAddress="${endpoints/PortRequestInformationService/url}" 
	/>
    
    <bean class="com.telus.cmb.subscriber.lifecyclefacade.dao.impl.PortabilityServiceDaoImpl" />
	<bean parent="jaxWsPortProxyBase"
		p:serviceInterface="com.telus.cmb.wsclient.wlnp.prts.PortabilityPort"
		p:wsdlDocumentUrl="classpath:wsdls/PortabilityService_v1_0.wsdl"
		p:namespaceUri="http://www.telus.com/WLNP-PortabilityService"
		p:serviceName="WLNP-PortabilityService_vs0" 
		p:endpointAddress="${endpoints/PortabilityService/url}" 
	/>
	
	<bean class="com.telus.cmb.common.dao.provisioning.VOIPSupplementaryServiceDaoImpl" />
	<bean parent="jaxWsPortProxyBase"
		p:serviceInterface="com.telus.cmb.wsclient.VoipSupplementaryServicePort"
		p:wsdlDocumentUrl="classpath:wsdls/VoipSupplementaryService_v1_1.wsdl"
		p:namespaceUri="http://telus.com/wsdl/SMO/Activation/VoipSupplementaryService_1"
		p:serviceName="VoipSupplementaryService_v1_1" 
		p:endpointAddress="${endpoints/VoipSupplementaryService/url}" 
	/>
	
	<bean class="com.telus.cmb.subscriber.lifecyclefacade.dao.impl.HardwarePurchaseAccountServiceDaoImpl" />
	<bean parent="jaxWsPortProxyBase"
		p:serviceInterface="com.telus.cmb.wsclient.HardwarePurchaseAccountServicePort"
		p:wsdlDocumentUrl="classpath:wsdls/HardwarePurchaseAccountService_v1_4.wsdl"
		p:namespaceUri="http://telus.com/wsdl/CMO/BillingAccountMgmt/HardwarePurchaseAccountService_1"
		p:serviceName="HardwarePurchaseAccountService_v1_4" 
		p:endpointAddress="${endpoints/HardwarePurchaseAccountService/url}" 
	/>
	
	<bean class="com.telus.cmb.subscriber.lifecyclefacade.dao.impl.CommunicationSuiteMgmtSvcDaoImpl"/>
	<bean parent="jaxWsPortProxyBase"
		p:serviceInterface="com.telus.cmb.wsclient.CommunicationSuiteMgmtSvcPort"
		p:wsdlDocumentUrl="classpath:wsdls/CommunicationSuiteMgmtSvc_v1_0.wsdl"
		p:namespaceUri="http://telus.com/wsdl/CMO/SubscriberProfileMgmt/CommunicationSuiteMgmtSvc_1"
		p:serviceName="CommunicationSuiteMgmtSvc_v1_0" 
		p:endpointAddress="${endpoints/CommunicationSuiteMgmtService/url}" 
	/>
	
	<bean class="com.telus.cmb.subscriber.lifecyclefacade.dao.impl.OcssamServiceDaoImpl"/>
	<bean parent="jaxWsPortProxyBase"
		p:serviceInterface="com.telus.cmb.wsclient.OnlineChargingSubscriberAccountMgmtServicePort"
		p:wsdlDocumentUrl="classpath:wsdls/OnlineChargingSubscriberAccountMgmtService_v3_2.wsdl"
		p:namespaceUri="http://telus.com/wsdl/CMO/BillingAccountMgmt/OnlineChargingSubscriberAccountMgmtService_3"
		p:serviceName="OnlineChargingSubscriberAccountMgmtService_v3_2" 
		p:endpointAddress="${endpoints/OnlineChargingSubscriberAccountMgmtService/url}" 
	/>
		
	<bean class="com.telus.cmb.subscriber.lifecyclefacade.dao.impl.NotificationMarketingDaoImpl"/>
	<bean parent="jaxWsPortProxyBase"
		p:serviceInterface="com.telus.cmb.wsclient.WirelessPermissionServicePort"
		p:wsdlDocumentUrl="classpath:wsdls/WirelessPermissionService_v3_1.wsdl"
		p:namespaceUri="http://telus.com/wsdl/EO/SecurityMgmt/WirelessPermissionService_3"
		p:serviceName="WirelessPermissionService_v3_1" 
		p:endpointAddress="${endpoints/WirelessPermissionService/url}" 
	/>
	
	<bean parent="jaxWsPortProxyBase"
		p:serviceInterface="com.telus.cmb.wsclient.EnterpriseCustomerPreferenceManagementServicePort"
		p:wsdlDocumentUrl="classpath:wsdls/EnterpriseCustomerPreferenceMgmtSvc_v3_0.wsdl"
		p:namespaceUri="http://telus.com/wsdl/CMO/ContactMgmt/EnterpriseCustomerPreferenceMgmtSvc_3"
		p:serviceName="EnterpriseCustomerPreferenceMgmtSvc_v3_0" 
		p:endpointAddress="${endpoints/EnterpriseCustomerPreferenceManagementService/url}"
	/>	
	
	<bean class="com.telus.cmb.common.dao.ace.RealTimeActionAdvisorServiceDaoImpl"/>
	<bean parent="jaxWsPortProxyBase"
		p:serviceInterface="com.telus.cmb.wsclient.RealTimeActionAdvisorPort"
		p:wsdlDocumentUrl="classpath:wsdls/RealTimeActionAdvisorService_v2_1.wsdl"
		p:namespaceUri="http://telus.com/wsdl/MSO/CampaignMgmt/RealTimeActionAdvisorService_2"
		p:serviceName="RealTimeActionAdvisorService_v2_1" 
		p:endpointAddress="${endpoints/RealTimeActionAdvisorService/url}" 
	/>
	
	<jee:remote-slsb id="referenceFacade" 
		lookup-home-on-startup="false" resource-ref="false"
		business-interface="com.telus.cmb.reference.svc.ReferenceDataFacade" 
		jndi-name="ReferenceDataFacade#com.telus.cmb.reference.svc.ReferenceDataFacade">
		<jee:environment>
			java.naming.factory.initial=weblogic.jndi.WLInitialContextFactory
			java.naming.provider.url=${services/ReferenceDataFacade/url}
			java.naming.security.principal=ejb_user
			java.naming.security.credentials=ejb_user
		</jee:environment>
	</jee:remote-slsb>	
	
	<bean id="nativeJdbcExtractor" class="org.springframework.jdbc.support.nativejdbc.SimpleNativeJdbcExtractor"/>
	
	<bean id="helperMultiDao" abstract="true"
	class="com.telus.cmb.common.dao.jdbctemplate.MultipleJdbcDaoTemplateSupport"
	p:knowbilityJdbcTemplate-ref="helperKnowbilityJdbcTemplate"
	p:codsJdbcTemplate-ref="helperCodsJdbcTemplate"
	p:knowbilityNamedParameterJdbcTemplate-ref="helperKnowbilityNamedParameterJdbcTemplate" />

	<bean id="helperKnowbilityJdbcTemplate" class="org.springframework.jdbc.core.JdbcTemplate"
	p:dataSource-ref="knowbilityDataSource" p:nativeJdbcExtractor-ref="nativeJdbcExtractor" />

	<bean id="helperCodsJdbcTemplate" class="org.springframework.jdbc.core.JdbcTemplate"
		p:dataSource-ref="codsDataSource" p:nativeJdbcExtractor-ref="nativeJdbcExtractor" />


	<bean id="helperKnowbilityNamedParameterJdbcTemplate" class="org.springframework.jdbc.core.namedparam.NamedParameterJdbcTemplate">
		<constructor-arg name="dataSource" ref="knowbilityDataSource" />
	</bean>

	<bean class="com.telus.cmb.subscriber.lifecyclehelper.dao.impl.SubscriberDaoImpl" parent="helperMultiDao" />
	
</beans> 