<?xml version="1.0" encoding="UTF-8"?>
<beans xmlns="http://www.springframework.org/schema/beans" xmlns:xsi="http://www.w3.org/2001/XMLSchema-instance"
	xmlns:context="http://www.springframework.org/schema/context"
	xmlns:p="http://www.springframework.org/schema/p"
	xmlns:util="http://www.springframework.org/schema/util"
	xmlns:jee="http://www.springframework.org/schema/jee"
	xmlns:cache="http://www.springframework.org/schema/cache"
	xsi:schemaLocation=" http://www.springframework.org/schema/beans  http://www.springframework.org/schema/beans/spring-beans-3.1.xsd
		http://www.springframework.org/schema/context http://www.springframework.org/schema/context/spring-context-3.1.xsd
		http://www.springframework.org/schema/util http://www.springframework.org/schema/util/spring-util-3.1.xsd
		http://www.springframework.org/schema/beans http://www.springframework.org/schema/beans/spring-beans.xsd
		http://www.springframework.org/schema/jee http://www.springframework.org/schema/jee/spring-jee.xsd
		http://www.springframework.org/schema/cache http://www.springframework.org/schema/cache/spring-cache.xsd">

	<context:annotation-config/>

	<bean class="com.telus.cmb.framework.application.ApplicationContextListener"/>
	
	<bean class="com.telus.cmb.framework.config.PlaceholderConfigurer"/>

	<util:map id="testMap">
		<entry key="existingValue" value="${services/CMBQueue/cmbJmsConnectionFactoryJndi}"/>
		<entry key="existingWithDefaultValue" value="${services/CMBQueue/cmbJmsConnectionFactoryJndi:1111}"/>
		<entry key="nonExistingValue" value="${services/CMBQueue/xxx:XXXXXXX}"/>
	</util:map>
	
	
</beans>